mode: set
github.com/KKGo-Software-engineering/fun-exercise-api/main.go:18.13,21.16 2 0
github.com/KKGo-Software-engineering/fun-exercise-api/main.go:21.16,22.13 1 0
github.com/KKGo-Software-engineering/fun-exercise-api/main.go:25.2,41.34 11 0
github.com/KKGo-Software-engineering/fun-exercise-api/docs/docs.go:346.13,348.2 1 0
github.com/KKGo-Software-engineering/fun-exercise-api/apperrs/error.go:14.34,16.2 1 0
github.com/KKGo-Software-engineering/fun-exercise-api/apperrs/error.go:18.45,20.2 1 1
github.com/KKGo-Software-engineering/fun-exercise-api/apperrs/error.go:22.51,24.2 1 1
github.com/KKGo-Software-engineering/fun-exercise-api/apperrs/error.go:26.51,28.2 1 1
github.com/KKGo-Software-engineering/fun-exercise-api/apperrs/error.go:30.47,32.2 1 1
github.com/KKGo-Software-engineering/fun-exercise-api/apperrs/error_middleware.go:16.68,17.36 1 0
github.com/KKGo-Software-engineering/fun-exercise-api/apperrs/error_middleware.go:17.36,19.17 2 0
github.com/KKGo-Software-engineering/fun-exercise-api/apperrs/error_middleware.go:19.17,24.27 3 0
github.com/KKGo-Software-engineering/fun-exercise-api/apperrs/error_middleware.go:25.25,27.33 2 0
github.com/KKGo-Software-engineering/fun-exercise-api/apperrs/error_middleware.go:28.12,30.21 1 0
github.com/KKGo-Software-engineering/fun-exercise-api/apperrs/error_middleware.go:34.4,34.66 1 0
github.com/KKGo-Software-engineering/fun-exercise-api/apperrs/error_middleware.go:36.3,36.13 1 0
github.com/KKGo-Software-engineering/fun-exercise-api/postgres/postgres.go:21.31,25.16 4 0
github.com/KKGo-Software-engineering/fun-exercise-api/postgres/postgres.go:25.16,28.3 2 0
github.com/KKGo-Software-engineering/fun-exercise-api/postgres/postgres.go:29.2,30.16 2 0
github.com/KKGo-Software-engineering/fun-exercise-api/postgres/postgres.go:30.16,32.3 1 0
github.com/KKGo-Software-engineering/fun-exercise-api/postgres/postgres.go:34.2,34.31 1 0
github.com/KKGo-Software-engineering/fun-exercise-api/postgres/postgres.go:37.45,46.2 1 1
github.com/KKGo-Software-engineering/fun-exercise-api/postgres/postgres.go:48.33,59.2 2 1
github.com/KKGo-Software-engineering/fun-exercise-api/postgres/wallet.go:47.74,49.16 2 0
github.com/KKGo-Software-engineering/fun-exercise-api/postgres/wallet.go:49.16,51.3 1 0
github.com/KKGo-Software-engineering/fun-exercise-api/postgres/wallet.go:52.2,55.18 3 0
github.com/KKGo-Software-engineering/fun-exercise-api/postgres/wallet.go:55.18,62.17 3 0
github.com/KKGo-Software-engineering/fun-exercise-api/postgres/wallet.go:62.17,64.4 1 0
github.com/KKGo-Software-engineering/fun-exercise-api/postgres/wallet.go:65.3,65.31 1 0
github.com/KKGo-Software-engineering/fun-exercise-api/postgres/wallet.go:67.2,67.21 1 0
github.com/KKGo-Software-engineering/fun-exercise-api/postgres/wallet.go:70.48,72.16 2 0
github.com/KKGo-Software-engineering/fun-exercise-api/postgres/wallet.go:72.16,74.3 1 0
github.com/KKGo-Software-engineering/fun-exercise-api/postgres/wallet.go:75.2,78.18 3 0
github.com/KKGo-Software-engineering/fun-exercise-api/postgres/wallet.go:78.18,85.17 3 0
github.com/KKGo-Software-engineering/fun-exercise-api/postgres/wallet.go:85.17,87.4 1 0
github.com/KKGo-Software-engineering/fun-exercise-api/postgres/wallet.go:88.3,88.31 1 0
github.com/KKGo-Software-engineering/fun-exercise-api/postgres/wallet.go:90.2,90.21 1 0
github.com/KKGo-Software-engineering/fun-exercise-api/postgres/wallet.go:93.63,95.16 2 0
github.com/KKGo-Software-engineering/fun-exercise-api/postgres/wallet.go:95.16,97.3 1 0
github.com/KKGo-Software-engineering/fun-exercise-api/postgres/wallet.go:98.2,101.18 3 0
github.com/KKGo-Software-engineering/fun-exercise-api/postgres/wallet.go:101.18,108.17 3 0
github.com/KKGo-Software-engineering/fun-exercise-api/postgres/wallet.go:108.17,110.4 1 0
github.com/KKGo-Software-engineering/fun-exercise-api/postgres/wallet.go:111.3,111.31 1 0
github.com/KKGo-Software-engineering/fun-exercise-api/postgres/wallet.go:113.2,113.21 1 0
github.com/KKGo-Software-engineering/fun-exercise-api/postgres/wallet.go:116.55,124.16 3 0
github.com/KKGo-Software-engineering/fun-exercise-api/postgres/wallet.go:124.16,126.3 1 0
github.com/KKGo-Software-engineering/fun-exercise-api/postgres/wallet.go:128.2,128.15 1 0
github.com/KKGo-Software-engineering/fun-exercise-api/postgres/wallet.go:171.66,178.36 5 0
github.com/KKGo-Software-engineering/fun-exercise-api/postgres/wallet.go:178.36,181.64 3 0
github.com/KKGo-Software-engineering/fun-exercise-api/postgres/wallet.go:181.64,182.20 1 0
github.com/KKGo-Software-engineering/fun-exercise-api/postgres/wallet.go:182.20,184.5 1 0
github.com/KKGo-Software-engineering/fun-exercise-api/postgres/wallet.go:185.4,186.35 2 0
github.com/KKGo-Software-engineering/fun-exercise-api/postgres/wallet.go:190.2,196.16 5 0
github.com/KKGo-Software-engineering/fun-exercise-api/postgres/wallet.go:196.16,198.3 1 0
github.com/KKGo-Software-engineering/fun-exercise-api/postgres/wallet.go:200.2,200.19 1 0
github.com/KKGo-Software-engineering/fun-exercise-api/postgres/wallet.go:204.65,209.16 3 0
github.com/KKGo-Software-engineering/fun-exercise-api/postgres/wallet.go:209.16,211.3 1 0
github.com/KKGo-Software-engineering/fun-exercise-api/postgres/wallet.go:213.2,215.16 2 0
github.com/KKGo-Software-engineering/fun-exercise-api/postgres/wallet.go:215.16,217.3 1 0
github.com/KKGo-Software-engineering/fun-exercise-api/postgres/wallet.go:219.2,219.25 1 0
github.com/KKGo-Software-engineering/fun-exercise-api/postgres/wallet.go:223.66,240.19 5 0
github.com/KKGo-Software-engineering/fun-exercise-api/postgres/wallet.go:240.19,242.33 1 0
github.com/KKGo-Software-engineering/fun-exercise-api/postgres/wallet.go:242.33,244.10 1 0
github.com/KKGo-Software-engineering/fun-exercise-api/postgres/wallet.go:246.9,246.24 1 0
github.com/KKGo-Software-engineering/fun-exercise-api/postgres/wallet.go:250.5,250.24 1 0
github.com/KKGo-Software-engineering/fun-exercise-api/postgres/wallet.go:253.81,260.41 5 0
github.com/KKGo-Software-engineering/fun-exercise-api/postgres/wallet.go:260.41,264.52 3 0
github.com/KKGo-Software-engineering/fun-exercise-api/postgres/wallet.go:264.52,265.21 1 0
github.com/KKGo-Software-engineering/fun-exercise-api/postgres/wallet.go:268.9,269.47 2 0
github.com/KKGo-Software-engineering/fun-exercise-api/postgres/wallet.go:273.5,273.26 1 0
github.com/KKGo-Software-engineering/fun-exercise-api/postgres/wallet.go:273.26,275.6 1 0
github.com/KKGo-Software-engineering/fun-exercise-api/postgres/wallet.go:278.5,283.19 4 0
github.com/KKGo-Software-engineering/fun-exercise-api/postgres/wallet.go:283.19,285.6 1 0
github.com/KKGo-Software-engineering/fun-exercise-api/postgres/wallet.go:288.5,289.19 2 0
github.com/KKGo-Software-engineering/fun-exercise-api/postgres/wallet.go:289.19,291.6 1 0
github.com/KKGo-Software-engineering/fun-exercise-api/postgres/wallet.go:293.5,293.24 1 0
github.com/KKGo-Software-engineering/fun-exercise-api/wallet/handler.go:15.43,17.2 1 1
github.com/KKGo-Software-engineering/fun-exercise-api/wallet/handler.go:33.55,40.22 4 1
github.com/KKGo-Software-engineering/fun-exercise-api/wallet/handler.go:40.22,42.3 1 0
github.com/KKGo-Software-engineering/fun-exercise-api/wallet/handler.go:42.8,44.3 1 1
github.com/KKGo-Software-engineering/fun-exercise-api/wallet/handler.go:46.2,46.16 1 1
github.com/KKGo-Software-engineering/fun-exercise-api/wallet/handler.go:46.16,48.3 1 0
github.com/KKGo-Software-engineering/fun-exercise-api/wallet/handler.go:50.2,50.39 1 1
github.com/KKGo-Software-engineering/fun-exercise-api/wallet/handler.go:67.63,70.16 2 1
github.com/KKGo-Software-engineering/fun-exercise-api/wallet/handler.go:70.16,72.6 1 0
github.com/KKGo-Software-engineering/fun-exercise-api/wallet/handler.go:74.2,76.16 2 1
github.com/KKGo-Software-engineering/fun-exercise-api/wallet/handler.go:76.16,78.3 1 0
github.com/KKGo-Software-engineering/fun-exercise-api/wallet/handler.go:80.2,80.39 1 1
github.com/KKGo-Software-engineering/fun-exercise-api/wallet/handler.go:97.61,100.36 2 1
github.com/KKGo-Software-engineering/fun-exercise-api/wallet/handler.go:100.36,102.3 1 0
github.com/KKGo-Software-engineering/fun-exercise-api/wallet/handler.go:104.2,106.16 2 1
github.com/KKGo-Software-engineering/fun-exercise-api/wallet/handler.go:106.16,108.3 1 0
github.com/KKGo-Software-engineering/fun-exercise-api/wallet/handler.go:110.2,110.43 1 1
github.com/KKGo-Software-engineering/fun-exercise-api/wallet/handler.go:125.61,129.22 2 1
github.com/KKGo-Software-engineering/fun-exercise-api/wallet/handler.go:129.22,131.3 1 0
github.com/KKGo-Software-engineering/fun-exercise-api/wallet/handler.go:133.2,135.16 2 1
github.com/KKGo-Software-engineering/fun-exercise-api/wallet/handler.go:135.16,137.3 1 0
github.com/KKGo-Software-engineering/fun-exercise-api/wallet/handler.go:139.2,139.43 1 1
github.com/KKGo-Software-engineering/fun-exercise-api/wallet/handler.go:156.61,160.16 2 1
github.com/KKGo-Software-engineering/fun-exercise-api/wallet/handler.go:160.16,162.6 1 0
github.com/KKGo-Software-engineering/fun-exercise-api/wallet/handler.go:165.2,166.36 2 1
github.com/KKGo-Software-engineering/fun-exercise-api/wallet/handler.go:166.36,168.3 1 0
github.com/KKGo-Software-engineering/fun-exercise-api/wallet/handler.go:170.2,172.16 2 1
github.com/KKGo-Software-engineering/fun-exercise-api/wallet/handler.go:172.16,174.3 1 0
github.com/KKGo-Software-engineering/fun-exercise-api/wallet/handler.go:176.2,176.46 1 1
github.com/KKGo-Software-engineering/fun-exercise-api/wallet/wallet_service.go:15.51,17.2 1 0
github.com/KKGo-Software-engineering/fun-exercise-api/wallet/wallet_service.go:19.57,23.16 2 0
github.com/KKGo-Software-engineering/fun-exercise-api/wallet/wallet_service.go:23.16,25.3 1 0
github.com/KKGo-Software-engineering/fun-exercise-api/wallet/wallet_service.go:27.2,27.20 1 0
github.com/KKGo-Software-engineering/fun-exercise-api/wallet/wallet_service.go:27.20,29.3 1 0
github.com/KKGo-Software-engineering/fun-exercise-api/wallet/wallet_service.go:31.2,32.28 2 0
github.com/KKGo-Software-engineering/fun-exercise-api/wallet/wallet_service.go:32.28,42.3 1 0
github.com/KKGo-Software-engineering/fun-exercise-api/wallet/wallet_service.go:44.2,44.28 1 0
github.com/KKGo-Software-engineering/fun-exercise-api/wallet/wallet_service.go:49.83,53.16 2 0
github.com/KKGo-Software-engineering/fun-exercise-api/wallet/wallet_service.go:53.16,55.3 1 0
github.com/KKGo-Software-engineering/fun-exercise-api/wallet/wallet_service.go:57.2,57.20 1 0
github.com/KKGo-Software-engineering/fun-exercise-api/wallet/wallet_service.go:57.20,59.3 1 0
github.com/KKGo-Software-engineering/fun-exercise-api/wallet/wallet_service.go:61.2,62.28 2 0
github.com/KKGo-Software-engineering/fun-exercise-api/wallet/wallet_service.go:62.28,72.3 1 0
github.com/KKGo-Software-engineering/fun-exercise-api/wallet/wallet_service.go:74.2,74.28 1 0
github.com/KKGo-Software-engineering/fun-exercise-api/wallet/wallet_service.go:79.72,83.16 2 0
github.com/KKGo-Software-engineering/fun-exercise-api/wallet/wallet_service.go:83.16,85.3 1 0
github.com/KKGo-Software-engineering/fun-exercise-api/wallet/wallet_service.go:87.2,87.20 1 0
github.com/KKGo-Software-engineering/fun-exercise-api/wallet/wallet_service.go:87.20,89.3 1 0
github.com/KKGo-Software-engineering/fun-exercise-api/wallet/wallet_service.go:91.2,92.28 2 0
github.com/KKGo-Software-engineering/fun-exercise-api/wallet/wallet_service.go:92.28,102.3 1 0
github.com/KKGo-Software-engineering/fun-exercise-api/wallet/wallet_service.go:104.2,104.28 1 0
github.com/KKGo-Software-engineering/fun-exercise-api/wallet/wallet_service.go:109.77,114.15 2 0
github.com/KKGo-Software-engineering/fun-exercise-api/wallet/wallet_service.go:114.15,117.3 2 0
github.com/KKGo-Software-engineering/fun-exercise-api/wallet/wallet_service.go:119.2,129.15 3 0
github.com/KKGo-Software-engineering/fun-exercise-api/wallet/wallet_service.go:129.15,132.3 2 0
github.com/KKGo-Software-engineering/fun-exercise-api/wallet/wallet_service.go:134.2,134.18 1 0
github.com/KKGo-Software-engineering/fun-exercise-api/wallet/wallet_service.go:134.18,137.3 2 0
github.com/KKGo-Software-engineering/fun-exercise-api/wallet/wallet_service.go:140.2,142.15 2 0
github.com/KKGo-Software-engineering/fun-exercise-api/wallet/wallet_service.go:142.15,145.3 2 0
github.com/KKGo-Software-engineering/fun-exercise-api/wallet/wallet_service.go:147.2,158.29 2 0
github.com/KKGo-Software-engineering/fun-exercise-api/wallet/wallet_service.go:161.77,164.14 2 0
github.com/KKGo-Software-engineering/fun-exercise-api/wallet/wallet_service.go:164.14,166.3 1 0
github.com/KKGo-Software-engineering/fun-exercise-api/wallet/wallet_service.go:168.2,170.20 2 0
github.com/KKGo-Software-engineering/fun-exercise-api/wallet/wallet_service.go:175.73,180.15 2 0
github.com/KKGo-Software-engineering/fun-exercise-api/wallet/wallet_service.go:180.15,183.3 2 0
github.com/KKGo-Software-engineering/fun-exercise-api/wallet/wallet_service.go:185.2,185.19 1 0
github.com/KKGo-Software-engineering/fun-exercise-api/wallet/wallet_service.go:185.19,188.3 2 0
github.com/KKGo-Software-engineering/fun-exercise-api/wallet/wallet_service.go:190.2,190.22 1 0
github.com/KKGo-Software-engineering/fun-exercise-api/wallet/wallet_service.go:194.100,198.15 2 0
github.com/KKGo-Software-engineering/fun-exercise-api/wallet/wallet_service.go:198.15,201.3 2 0
github.com/KKGo-Software-engineering/fun-exercise-api/wallet/wallet_service.go:204.2,215.15 3 0
github.com/KKGo-Software-engineering/fun-exercise-api/wallet/wallet_service.go:215.15,218.3 2 0
github.com/KKGo-Software-engineering/fun-exercise-api/wallet/wallet_service.go:220.2,220.19 1 0
github.com/KKGo-Software-engineering/fun-exercise-api/wallet/wallet_service.go:220.19,223.3 2 0
github.com/KKGo-Software-engineering/fun-exercise-api/wallet/wallet_service.go:225.2,227.15 2 0
github.com/KKGo-Software-engineering/fun-exercise-api/wallet/wallet_service.go:227.15,230.3 2 0
github.com/KKGo-Software-engineering/fun-exercise-api/wallet/wallet_service.go:232.2,242.29 2 0
github.com/KKGo-Software-engineering/fun-exercise-api/wallet/wallet_service_mock.go:14.57,17.2 2 1
github.com/KKGo-Software-engineering/fun-exercise-api/wallet/wallet_service_mock.go:19.83,22.2 2 0
github.com/KKGo-Software-engineering/fun-exercise-api/wallet/wallet_service_mock.go:24.72,27.2 2 1
github.com/KKGo-Software-engineering/fun-exercise-api/wallet/wallet_service_mock.go:29.76,32.2 2 1
github.com/KKGo-Software-engineering/fun-exercise-api/wallet/wallet_service_mock.go:34.74,37.2 2 1
github.com/KKGo-Software-engineering/fun-exercise-api/wallet/wallet_service_mock.go:39.101,42.2 2 1
github.com/KKGo-Software-engineering/fun-exercise-api/wallet/wallet_service_mock.go:45.47,55.2 1 0
github.com/KKGo-Software-engineering/fun-exercise-api/wallet/wallet_validate_manual.go:21.57,24.24 2 1
github.com/KKGo-Software-engineering/fun-exercise-api/wallet/wallet_validate_manual.go:24.24,26.3 1 1
github.com/KKGo-Software-engineering/fun-exercise-api/wallet/wallet_validate_manual.go:28.2,28.90 1 1
github.com/KKGo-Software-engineering/fun-exercise-api/wallet/wallet_validate_manual.go:28.90,30.3 1 0
github.com/KKGo-Software-engineering/fun-exercise-api/wallet/wallet_validate_manual.go:32.2,32.98 1 1
github.com/KKGo-Software-engineering/fun-exercise-api/wallet/wallet_validate_manual.go:32.98,34.3 1 1
github.com/KKGo-Software-engineering/fun-exercise-api/wallet/wallet_validate_manual.go:36.2,36.52 1 1
github.com/KKGo-Software-engineering/fun-exercise-api/wallet/wallet_validate_manual.go:36.52,38.3 1 0
github.com/KKGo-Software-engineering/fun-exercise-api/wallet/wallet_validate_manual.go:40.2,40.87 1 1
github.com/KKGo-Software-engineering/fun-exercise-api/wallet/wallet_validate_manual.go:40.87,42.3 1 0
github.com/KKGo-Software-engineering/fun-exercise-api/wallet/wallet_validate_manual.go:44.2,44.22 1 1
github.com/KKGo-Software-engineering/fun-exercise-api/wallet/wallet_validate_manual.go:44.22,46.3 1 1
github.com/KKGo-Software-engineering/fun-exercise-api/wallet/wallet_validate_manual.go:49.2,49.12 1 1
github.com/KKGo-Software-engineering/fun-exercise-api/wallet/wallet_validate_manual.go:52.46,53.24 1 1
github.com/KKGo-Software-engineering/fun-exercise-api/wallet/wallet_validate_manual.go:53.24,54.15 1 1
github.com/KKGo-Software-engineering/fun-exercise-api/wallet/wallet_validate_manual.go:54.15,56.4 1 1
github.com/KKGo-Software-engineering/fun-exercise-api/wallet/wallet_validate_manual.go:58.2,58.14 1 0
